<?xml version="1.0" encoding="UTF-8"?>
<testng-results ignored="0" total="1" passed="1" failed="0" skipped="0">
  <reporter-output>
  </reporter-output>
  <suite started-at="2023-01-30T18:17:51 IST" name="Default suite" finished-at="2023-01-30T18:17:59 IST" duration-ms="7603">
    <groups>
    </groups>
    <test started-at="2023-01-30T18:17:51 IST" name="Default test" finished-at="2023-01-30T18:17:59 IST" duration-ms="7603">
      <class name="com.TestLayer.TestLayer">
        <test-method is-config="true" signature="setup()[pri:0, instance:com.TestLayer.TestLayer@316bcf94]" started-at="2023-01-30T18:17:51 IST" name="setup" finished-at="2023-01-30T18:17:57 IST" duration-ms="5988" status="PASS">
          <reporter-output>
          </reporter-output>
        </test-method> <!-- setup -->
        <test-method signature="CustomerClass()[pri:1, instance:com.TestLayer.TestLayer@316bcf94]" started-at="2023-01-30T18:17:57 IST" name="CustomerClass" finished-at="2023-01-30T18:17:59 IST" duration-ms="1579" status="PASS">
          <reporter-output>
          </reporter-output>
        </test-method> <!-- CustomerClass -->
        <test-method is-config="true" signature="tearDown()[pri:0, instance:com.TestLayer.TestLayer@316bcf94]" started-at="2023-01-30T18:17:59 IST" name="tearDown" finished-at="2023-01-30T18:17:59 IST" duration-ms="0" status="PASS">
          <reporter-output>
          </reporter-output>
        </test-method> <!-- tearDown -->
      </class> <!-- com.TestLayer.TestLayer -->
    </test> <!-- Default test -->
  </suite> <!-- Default suite -->
</testng-results>
